<?xml version="1.0" encoding="UTF-8"?>
<!-- Generated by org.testng.reporters.JUnitReportReporter -->
<testsuite hostname="LAPTOP-H3PK4T3T" failures="0" tests="2" name="com.mystore.testcases.TC_MyAccountPage" time="2.327" errors="0" timestamp="2023-12-24T16:45:00 IST" skipped="1">
  <testcase classname="com.mystore.testcases.TC_MyAccountPage" name="verifyLogin" time="2.327"/>
  <testcase classname="com.mystore.testcases.TC_MyAccountPage" name="verifyRegistrationAndLogin">
    <skipped/>
  </testcase> <!-- verifyRegistrationAndLogin -->
</testsuite> <!-- com.mystore.testcases.TC_MyAccountPage -->
